{"F:\\Arquivos Desenvolvimento Geral\\Repositórios GitHub\\Aprendizados-Geral\\Bootcamp\\2020\\frontend-react-projeto-barbearia\\src\\components\\Button\\index.tsx": {"path":"F:\\Arquivos Desenvolvimento Geral\\Repositórios GitHub\\Aprendizados-Geral\\Bootcamp\\2020\\frontend-react-projeto-barbearia\\src\\components\\Button\\index.tsx","statementMap":{"0":{"start":{"line":9,"column":38},"end":{"line":13,"column":1}},"1":{"start":{"line":10,"column":2},"end":{"line":12,"column":14}}},"fnMap":{"0":{"name":"(anonymous_0)","decl":{"start":{"line":9,"column":38},"end":{"line":9,"column":39}},"loc":{"start":{"line":10,"column":2},"end":{"line":12,"column":14}},"line":10}},"branchMap":{"0":{"loc":{"start":{"line":11,"column":5},"end":{"line":11,"column":42}},"type":"cond-expr","locations":[{"start":{"line":11,"column":15},"end":{"line":11,"column":31}},{"start":{"line":11,"column":34},"end":{"line":11,"column":42}}],"line":11}},"s":{"0":1,"1":3},"f":{"0":3},"b":{"0":[0,3]},"_coverageSchema":"1a1c01bbd47fc00a2c39e90264f33305004495a9","hash":"47524f582be29d6fc4ae97a58cf81c48810a2a6b"}
,"F:\\Arquivos Desenvolvimento Geral\\Repositórios GitHub\\Aprendizados-Geral\\Bootcamp\\2020\\frontend-react-projeto-barbearia\\src\\components\\Input\\index.tsx": {"path":"F:\\Arquivos Desenvolvimento Geral\\Repositórios GitHub\\Aprendizados-Geral\\Bootcamp\\2020\\frontend-react-projeto-barbearia\\src\\components\\Input\\index.tsx","statementMap":{"0":{"start":{"line":16,"column":36},"end":{"line":67,"column":1}},"1":{"start":{"line":19,"column":19},"end":{"line":19,"column":49}},"2":{"start":{"line":20,"column":36},"end":{"line":20,"column":51}},"3":{"start":{"line":21,"column":34},"end":{"line":21,"column":49}},"4":{"start":{"line":25,"column":6},"end":{"line":25,"column":20}},"5":{"start":{"line":27,"column":27},"end":{"line":29,"column":8}},"6":{"start":{"line":28,"column":4},"end":{"line":28,"column":23}},"7":{"start":{"line":31,"column":26},"end":{"line":34,"column":8}},"8":{"start":{"line":32,"column":4},"end":{"line":32,"column":24}},"9":{"start":{"line":33,"column":4},"end":{"line":33,"column":43}},"10":{"start":{"line":36,"column":2},"end":{"line":42,"column":33}},"11":{"start":{"line":37,"column":4},"end":{"line":41,"column":7}},"12":{"start":{"line":44,"column":2},"end":{"line":66,"column":4}}},"fnMap":{"0":{"name":"(anonymous_0)","decl":{"start":{"line":16,"column":36},"end":{"line":16,"column":37}},"loc":{"start":{"line":18,"column":6},"end":{"line":67,"column":1}},"line":18},"1":{"name":"(anonymous_1)","decl":{"start":{"line":27,"column":39},"end":{"line":27,"column":40}},"loc":{"start":{"line":27,"column":45},"end":{"line":29,"column":3}},"line":27},"2":{"name":"(anonymous_2)","decl":{"start":{"line":31,"column":38},"end":{"line":31,"column":39}},"loc":{"start":{"line":31,"column":44},"end":{"line":34,"column":3}},"line":31},"3":{"name":"(anonymous_3)","decl":{"start":{"line":36,"column":12},"end":{"line":36,"column":13}},"loc":{"start":{"line":36,"column":18},"end":{"line":42,"column":3}},"line":36}},"branchMap":{"0":{"loc":{"start":{"line":17,"column":20},"end":{"line":17,"column":39}},"type":"default-arg","locations":[{"start":{"line":17,"column":37},"end":{"line":17,"column":39}}],"line":17},"1":{"loc":{"start":{"line":52,"column":7},"end":{"line":52,"column":33}},"type":"binary-expr","locations":[{"start":{"line":52,"column":7},"end":{"line":52,"column":11}},{"start":{"line":52,"column":15},"end":{"line":52,"column":33}}],"line":52},"2":{"loc":{"start":{"line":60,"column":7},"end":{"line":64,"column":7}},"type":"binary-expr","locations":[{"start":{"line":60,"column":7},"end":{"line":60,"column":12}},{"start":{"line":61,"column":6},"end":{"line":63,"column":14}}],"line":60}},"s":{"0":2,"1":18,"2":18,"3":18,"4":18,"5":18,"6":1,"7":18,"8":1,"9":1,"10":18,"11":10,"12":18},"f":{"0":18,"1":1,"2":1,"3":10},"b":{"0":[18],"1":[18,14],"2":[18,1]},"_coverageSchema":"1a1c01bbd47fc00a2c39e90264f33305004495a9","hash":"180dda2f3a5045c562ab83b178359db754f90293"}
,"F:\\Arquivos Desenvolvimento Geral\\Repositórios GitHub\\Aprendizados-Geral\\Bootcamp\\2020\\frontend-react-projeto-barbearia\\src\\components\\ToastContainer\\index.tsx": {"path":"F:\\Arquivos Desenvolvimento Geral\\Repositórios GitHub\\Aprendizados-Geral\\Bootcamp\\2020\\frontend-react-projeto-barbearia\\src\\components\\ToastContainer\\index.tsx","statementMap":{"0":{"start":{"line":11,"column":54},"end":{"line":20,"column":1}},"1":{"start":{"line":12,"column":2},"end":{"line":19,"column":14}},"2":{"start":{"line":14,"column":6},"end":{"line":17,"column":8}}},"fnMap":{"0":{"name":"(anonymous_0)","decl":{"start":{"line":11,"column":54},"end":{"line":11,"column":55}},"loc":{"start":{"line":12,"column":2},"end":{"line":19,"column":14}},"line":12},"1":{"name":"(anonymous_1)","decl":{"start":{"line":13,"column":18},"end":{"line":13,"column":19}},"loc":{"start":{"line":14,"column":6},"end":{"line":17,"column":8}},"line":14}},"branchMap":{},"s":{"0":0,"1":0,"2":0},"f":{"0":0,"1":0},"b":{}}
,"F:\\Arquivos Desenvolvimento Geral\\Repositórios GitHub\\Aprendizados-Geral\\Bootcamp\\2020\\frontend-react-projeto-barbearia\\src\\components\\ToastContainer\\Toast\\index.tsx": {"path":"F:\\Arquivos Desenvolvimento Geral\\Repositórios GitHub\\Aprendizados-Geral\\Bootcamp\\2020\\frontend-react-projeto-barbearia\\src\\components\\ToastContainer\\Toast\\index.tsx","statementMap":{"0":{"start":{"line":13,"column":14},"end":{"line":17,"column":1}},"1":{"start":{"line":19,"column":36},"end":{"line":48,"column":1}},"2":{"start":{"line":20,"column":26},"end":{"line":20,"column":36}},"3":{"start":{"line":22,"column":2},"end":{"line":30,"column":32}},"4":{"start":{"line":23,"column":18},"end":{"line":25,"column":12}},"5":{"start":{"line":24,"column":6},"end":{"line":24,"column":30}},"6":{"start":{"line":27,"column":4},"end":{"line":29,"column":6}},"7":{"start":{"line":28,"column":6},"end":{"line":28,"column":26}},"8":{"start":{"line":32,"column":2},"end":{"line":47,"column":4}},"9":{"start":{"line":43,"column":29},"end":{"line":43,"column":52}}},"fnMap":{"0":{"name":"(anonymous_0)","decl":{"start":{"line":19,"column":36},"end":{"line":19,"column":37}},"loc":{"start":{"line":19,"column":53},"end":{"line":48,"column":1}},"line":19},"1":{"name":"(anonymous_1)","decl":{"start":{"line":22,"column":12},"end":{"line":22,"column":13}},"loc":{"start":{"line":22,"column":18},"end":{"line":30,"column":3}},"line":22},"2":{"name":"(anonymous_2)","decl":{"start":{"line":23,"column":29},"end":{"line":23,"column":30}},"loc":{"start":{"line":23,"column":35},"end":{"line":25,"column":5}},"line":23},"3":{"name":"(anonymous_3)","decl":{"start":{"line":27,"column":11},"end":{"line":27,"column":12}},"loc":{"start":{"line":27,"column":17},"end":{"line":29,"column":5}},"line":27},"4":{"name":"(anonymous_4)","decl":{"start":{"line":43,"column":23},"end":{"line":43,"column":24}},"loc":{"start":{"line":43,"column":29},"end":{"line":43,"column":52}},"line":43}},"branchMap":{"0":{"loc":{"start":{"line":37,"column":13},"end":{"line":37,"column":35}},"type":"binary-expr","locations":[{"start":{"line":37,"column":13},"end":{"line":37,"column":25}},{"start":{"line":37,"column":29},"end":{"line":37,"column":35}}],"line":37},"1":{"loc":{"start":{"line":40,"column":9},"end":{"line":40,"column":60}},"type":"binary-expr","locations":[{"start":{"line":40,"column":9},"end":{"line":40,"column":28}},{"start":{"line":40,"column":32},"end":{"line":40,"column":60}}],"line":40}},"s":{"0":0,"1":0,"2":0,"3":0,"4":0,"5":0,"6":0,"7":0,"8":0,"9":0},"f":{"0":0,"1":0,"2":0,"3":0,"4":0},"b":{"0":[0,0],"1":[0,0]}}
,"F:\\Arquivos Desenvolvimento Geral\\Repositórios GitHub\\Aprendizados-Geral\\Bootcamp\\2020\\frontend-react-projeto-barbearia\\src\\components\\Tooltip\\index.tsx": {"path":"F:\\Arquivos Desenvolvimento Geral\\Repositórios GitHub\\Aprendizados-Geral\\Bootcamp\\2020\\frontend-react-projeto-barbearia\\src\\components\\Tooltip\\index.tsx","statementMap":{"0":{"start":{"line":8,"column":40},"end":{"line":13,"column":1}},"1":{"start":{"line":9,"column":2},"end":{"line":12,"column":14}}},"fnMap":{"0":{"name":"(anonymous_0)","decl":{"start":{"line":8,"column":40},"end":{"line":8,"column":41}},"loc":{"start":{"line":9,"column":2},"end":{"line":12,"column":14}},"line":9}},"branchMap":{},"s":{"0":2,"1":1},"f":{"0":1},"b":{},"_coverageSchema":"1a1c01bbd47fc00a2c39e90264f33305004495a9","hash":"4c68f46f359ab5651ca5c001e91da4f5f88b95a7"}
,"F:\\Arquivos Desenvolvimento Geral\\Repositórios GitHub\\Aprendizados-Geral\\Bootcamp\\2020\\frontend-react-projeto-barbearia\\src\\hooks\\Toast.tsx": {"path":"F:\\Arquivos Desenvolvimento Geral\\Repositórios GitHub\\Aprendizados-Geral\\Bootcamp\\2020\\frontend-react-projeto-barbearia\\src\\hooks\\Toast.tsx","statementMap":{"0":{"start":{"line":20,"column":21},"end":{"line":20,"column":76}},"1":{"start":{"line":22,"column":40},"end":{"line":48,"column":1}},"2":{"start":{"line":23,"column":34},"end":{"line":23,"column":62}},"3":{"start":{"line":25,"column":19},"end":{"line":36,"column":8}},"4":{"start":{"line":26,"column":15},"end":{"line":26,"column":21}},"5":{"start":{"line":28,"column":18},"end":{"line":33,"column":5}},"6":{"start":{"line":35,"column":4},"end":{"line":35,"column":46}},"7":{"start":{"line":35,"column":27},"end":{"line":35,"column":44}},"8":{"start":{"line":38,"column":22},"end":{"line":40,"column":8}},"9":{"start":{"line":39,"column":4},"end":{"line":39,"column":73}},"10":{"start":{"line":39,"column":27},"end":{"line":39,"column":71}},"11":{"start":{"line":39,"column":53},"end":{"line":39,"column":70}},"12":{"start":{"line":42,"column":2},"end":{"line":47,"column":4}},"13":{"start":{"line":51,"column":18},"end":{"line":51,"column":42}},"14":{"start":{"line":53,"column":2},"end":{"line":55,"column":3}},"15":{"start":{"line":54,"column":4},"end":{"line":54,"column":68}},"16":{"start":{"line":57,"column":2},"end":{"line":57,"column":17}}},"fnMap":{"0":{"name":"(anonymous_0)","decl":{"start":{"line":22,"column":40},"end":{"line":22,"column":41}},"loc":{"start":{"line":22,"column":58},"end":{"line":48,"column":1}},"line":22},"1":{"name":"(anonymous_1)","decl":{"start":{"line":25,"column":31},"end":{"line":25,"column":32}},"loc":{"start":{"line":25,"column":91},"end":{"line":36,"column":3}},"line":25},"2":{"name":"(anonymous_2)","decl":{"start":{"line":35,"column":16},"end":{"line":35,"column":17}},"loc":{"start":{"line":35,"column":27},"end":{"line":35,"column":44}},"line":35},"3":{"name":"(anonymous_3)","decl":{"start":{"line":38,"column":34},"end":{"line":38,"column":35}},"loc":{"start":{"line":38,"column":50},"end":{"line":40,"column":3}},"line":38},"4":{"name":"(anonymous_4)","decl":{"start":{"line":39,"column":16},"end":{"line":39,"column":17}},"loc":{"start":{"line":39,"column":27},"end":{"line":39,"column":71}},"line":39},"5":{"name":"(anonymous_5)","decl":{"start":{"line":39,"column":40},"end":{"line":39,"column":41}},"loc":{"start":{"line":39,"column":53},"end":{"line":39,"column":70}},"line":39},"6":{"name":"useToast","decl":{"start":{"line":50,"column":16},"end":{"line":50,"column":24}},"loc":{"start":{"line":50,"column":45},"end":{"line":58,"column":1}},"line":50}},"branchMap":{"0":{"loc":{"start":{"line":53,"column":2},"end":{"line":55,"column":3}},"type":"if","locations":[{"start":{"line":53,"column":2},"end":{"line":55,"column":3}},{"start":{"line":53,"column":2},"end":{"line":55,"column":3}}],"line":53}},"s":{"0":0,"1":0,"2":0,"3":0,"4":0,"5":0,"6":0,"7":0,"8":0,"9":0,"10":0,"11":0,"12":0,"13":0,"14":0,"15":0,"16":0},"f":{"0":0,"1":0,"2":0,"3":0,"4":0,"5":0,"6":0},"b":{"0":[0,0]}}
,"F:\\Arquivos Desenvolvimento Geral\\Repositórios GitHub\\Aprendizados-Geral\\Bootcamp\\2020\\frontend-react-projeto-barbearia\\src\\hooks\\auth.tsx": {"path":"F:\\Arquivos Desenvolvimento Geral\\Repositórios GitHub\\Aprendizados-Geral\\Bootcamp\\2020\\frontend-react-projeto-barbearia\\src\\hooks\\auth.tsx","statementMap":{"0":{"start":{"line":29,"column":20},"end":{"line":29,"column":73}},"1":{"start":{"line":31,"column":38},"end":{"line":80,"column":1}},"2":{"start":{"line":32,"column":26},"end":{"line":41,"column":4}},"3":{"start":{"line":33,"column":18},"end":{"line":33,"column":57}},"4":{"start":{"line":34,"column":17},"end":{"line":34,"column":55}},"5":{"start":{"line":35,"column":4},"end":{"line":38,"column":5}},"6":{"start":{"line":36,"column":6},"end":{"line":36,"column":61}},"7":{"start":{"line":37,"column":6},"end":{"line":37,"column":47}},"8":{"start":{"line":40,"column":4},"end":{"line":40,"column":27}},"9":{"start":{"line":43,"column":17},"end":{"line":55,"column":8}},"10":{"start":{"line":44,"column":21},"end":{"line":47,"column":6}},"11":{"start":{"line":48,"column":28},"end":{"line":48,"column":41}},"12":{"start":{"line":49,"column":4},"end":{"line":49,"column":51}},"13":{"start":{"line":50,"column":4},"end":{"line":50,"column":65}},"14":{"start":{"line":52,"column":4},"end":{"line":52,"column":59}},"15":{"start":{"line":54,"column":4},"end":{"line":54,"column":29}},"16":{"start":{"line":57,"column":18},"end":{"line":62,"column":8}},"17":{"start":{"line":58,"column":4},"end":{"line":58,"column":47}},"18":{"start":{"line":59,"column":4},"end":{"line":59,"column":46}},"19":{"start":{"line":61,"column":4},"end":{"line":61,"column":29}},"20":{"start":{"line":64,"column":21},"end":{"line":70,"column":18}},"21":{"start":{"line":65,"column":4},"end":{"line":65,"column":65}},"22":{"start":{"line":66,"column":4},"end":{"line":69,"column":7}},"23":{"start":{"line":72,"column":2},"end":{"line":79,"column":4}},"24":{"start":{"line":83,"column":18},"end":{"line":83,"column":41}},"25":{"start":{"line":85,"column":2},"end":{"line":87,"column":3}},"26":{"start":{"line":86,"column":4},"end":{"line":86,"column":68}},"27":{"start":{"line":89,"column":2},"end":{"line":89,"column":17}}},"fnMap":{"0":{"name":"(anonymous_0)","decl":{"start":{"line":31,"column":38},"end":{"line":31,"column":39}},"loc":{"start":{"line":31,"column":56},"end":{"line":80,"column":1}},"line":31},"1":{"name":"(anonymous_1)","decl":{"start":{"line":32,"column":46},"end":{"line":32,"column":47}},"loc":{"start":{"line":32,"column":52},"end":{"line":41,"column":3}},"line":32},"2":{"name":"(anonymous_2)","decl":{"start":{"line":43,"column":29},"end":{"line":43,"column":30}},"loc":{"start":{"line":43,"column":60},"end":{"line":55,"column":3}},"line":43},"3":{"name":"(anonymous_3)","decl":{"start":{"line":57,"column":30},"end":{"line":57,"column":31}},"loc":{"start":{"line":57,"column":36},"end":{"line":62,"column":3}},"line":57},"4":{"name":"(anonymous_4)","decl":{"start":{"line":64,"column":33},"end":{"line":64,"column":34}},"loc":{"start":{"line":64,"column":49},"end":{"line":70,"column":3}},"line":64},"5":{"name":"useAuth","decl":{"start":{"line":82,"column":16},"end":{"line":82,"column":23}},"loc":{"start":{"line":82,"column":43},"end":{"line":90,"column":1}},"line":82}},"branchMap":{"0":{"loc":{"start":{"line":35,"column":4},"end":{"line":38,"column":5}},"type":"if","locations":[{"start":{"line":35,"column":4},"end":{"line":38,"column":5}},{"start":{"line":35,"column":4},"end":{"line":38,"column":5}}],"line":35},"1":{"loc":{"start":{"line":35,"column":8},"end":{"line":35,"column":21}},"type":"binary-expr","locations":[{"start":{"line":35,"column":8},"end":{"line":35,"column":13}},{"start":{"line":35,"column":17},"end":{"line":35,"column":21}}],"line":35},"2":{"loc":{"start":{"line":85,"column":2},"end":{"line":87,"column":3}},"type":"if","locations":[{"start":{"line":85,"column":2},"end":{"line":87,"column":3}},{"start":{"line":85,"column":2},"end":{"line":87,"column":3}}],"line":85}},"s":{"0":0,"1":0,"2":0,"3":0,"4":0,"5":0,"6":0,"7":0,"8":0,"9":0,"10":0,"11":0,"12":0,"13":0,"14":0,"15":0,"16":0,"17":0,"18":0,"19":0,"20":0,"21":0,"22":0,"23":0,"24":0,"25":0,"26":0,"27":0},"f":{"0":0,"1":0,"2":0,"3":0,"4":0,"5":0},"b":{"0":[0,0],"1":[0,0],"2":[0,0]}}
,"F:\\Arquivos Desenvolvimento Geral\\Repositórios GitHub\\Aprendizados-Geral\\Bootcamp\\2020\\frontend-react-projeto-barbearia\\src\\pages\\Dashboard\\index.tsx": {"path":"F:\\Arquivos Desenvolvimento Geral\\Repositórios GitHub\\Aprendizados-Geral\\Bootcamp\\2020\\frontend-react-projeto-barbearia\\src\\pages\\Dashboard\\index.tsx","statementMap":{"0":{"start":{"line":45,"column":28},"end":{"line":238,"column":1}},"1":{"start":{"line":46,"column":28},"end":{"line":46,"column":37}},"2":{"start":{"line":47,"column":42},"end":{"line":47,"column":62}},"3":{"start":{"line":48,"column":41},"end":{"line":48,"column":61}},"4":{"start":{"line":49,"column":52},"end":{"line":49,"column":89}},"5":{"start":{"line":50,"column":42},"end":{"line":50,"column":69}},"6":{"start":{"line":52,"column":27},"end":{"line":56,"column":8}},"7":{"start":{"line":53,"column":4},"end":{"line":55,"column":5}},"8":{"start":{"line":54,"column":6},"end":{"line":54,"column":27}},"9":{"start":{"line":58,"column":28},"end":{"line":60,"column":8}},"10":{"start":{"line":59,"column":4},"end":{"line":59,"column":26}},"11":{"start":{"line":62,"column":2},"end":{"line":71,"column":30}},"12":{"start":{"line":63,"column":4},"end":{"line":70,"column":7}},"13":{"start":{"line":69,"column":6},"end":{"line":69,"column":42}},"14":{"start":{"line":73,"column":2},"end":{"line":87,"column":21}},"15":{"start":{"line":74,"column":4},"end":{"line":86,"column":7}},"16":{"start":{"line":81,"column":36},"end":{"line":84,"column":9}},"17":{"start":{"line":81,"column":72},"end":{"line":84,"column":7}},"18":{"start":{"line":85,"column":6},"end":{"line":85,"column":45}},"19":{"start":{"line":89,"column":23},"end":{"line":99,"column":39}},"20":{"start":{"line":90,"column":18},"end":{"line":96,"column":8}},"21":{"start":{"line":91,"column":28},"end":{"line":91,"column":56}},"22":{"start":{"line":93,"column":21},"end":{"line":93,"column":47}},"23":{"start":{"line":94,"column":22},"end":{"line":94,"column":45}},"24":{"start":{"line":95,"column":8},"end":{"line":95,"column":51}},"25":{"start":{"line":98,"column":4},"end":{"line":98,"column":17}},"26":{"start":{"line":101,"column":29},"end":{"line":103,"column":21}},"27":{"start":{"line":101,"column":43},"end":{"line":103,"column":4}},"28":{"start":{"line":105,"column":26},"end":{"line":105,"column":103}},"29":{"start":{"line":105,"column":40},"end":{"line":105,"column":86}},"30":{"start":{"line":107,"column":30},"end":{"line":109,"column":21}},"31":{"start":{"line":107,"column":44},"end":{"line":109,"column":4}},"32":{"start":{"line":108,"column":4},"end":{"line":108,"column":46}},"33":{"start":{"line":111,"column":32},"end":{"line":112,"column":66}},"34":{"start":{"line":111,"column":46},"end":{"line":112,"column":49}},"35":{"start":{"line":112,"column":4},"end":{"line":112,"column":47}},"36":{"start":{"line":114,"column":26},"end":{"line":116,"column":21}},"37":{"start":{"line":114,"column":40},"end":{"line":116,"column":4}},"38":{"start":{"line":115,"column":4},"end":{"line":115,"column":51}},"39":{"start":{"line":118,"column":2},"end":{"line":237,"column":4}},"40":{"start":{"line":167,"column":14},"end":{"line":179,"column":28}},"41":{"start":{"line":190,"column":14},"end":{"line":202,"column":28}}},"fnMap":{"0":{"name":"(anonymous_0)","decl":{"start":{"line":45,"column":28},"end":{"line":45,"column":29}},"loc":{"start":{"line":45,"column":34},"end":{"line":238,"column":1}},"line":45},"1":{"name":"(anonymous_1)","decl":{"start":{"line":52,"column":39},"end":{"line":52,"column":40}},"loc":{"start":{"line":52,"column":79},"end":{"line":56,"column":3}},"line":52},"2":{"name":"(anonymous_2)","decl":{"start":{"line":58,"column":40},"end":{"line":58,"column":41}},"loc":{"start":{"line":58,"column":57},"end":{"line":60,"column":3}},"line":58},"3":{"name":"(anonymous_3)","decl":{"start":{"line":62,"column":12},"end":{"line":62,"column":13}},"loc":{"start":{"line":62,"column":18},"end":{"line":71,"column":3}},"line":62},"4":{"name":"(anonymous_4)","decl":{"start":{"line":68,"column":12},"end":{"line":68,"column":13}},"loc":{"start":{"line":68,"column":26},"end":{"line":70,"column":5}},"line":68},"5":{"name":"(anonymous_5)","decl":{"start":{"line":73,"column":12},"end":{"line":73,"column":13}},"loc":{"start":{"line":73,"column":18},"end":{"line":87,"column":3}},"line":73},"6":{"name":"(anonymous_6)","decl":{"start":{"line":80,"column":12},"end":{"line":80,"column":13}},"loc":{"start":{"line":80,"column":26},"end":{"line":86,"column":5}},"line":80},"7":{"name":"(anonymous_7)","decl":{"start":{"line":81,"column":54},"end":{"line":81,"column":55}},"loc":{"start":{"line":81,"column":72},"end":{"line":84,"column":7}},"line":81},"8":{"name":"(anonymous_8)","decl":{"start":{"line":89,"column":31},"end":{"line":89,"column":32}},"loc":{"start":{"line":89,"column":37},"end":{"line":99,"column":3}},"line":89},"9":{"name":"(anonymous_9)","decl":{"start":{"line":91,"column":14},"end":{"line":91,"column":15}},"loc":{"start":{"line":91,"column":28},"end":{"line":91,"column":56}},"line":91},"10":{"name":"(anonymous_10)","decl":{"start":{"line":92,"column":11},"end":{"line":92,"column":12}},"loc":{"start":{"line":92,"column":25},"end":{"line":96,"column":7}},"line":92},"11":{"name":"(anonymous_11)","decl":{"start":{"line":101,"column":37},"end":{"line":101,"column":38}},"loc":{"start":{"line":101,"column":43},"end":{"line":103,"column":4}},"line":101},"12":{"name":"(anonymous_12)","decl":{"start":{"line":105,"column":34},"end":{"line":105,"column":35}},"loc":{"start":{"line":105,"column":40},"end":{"line":105,"column":86}},"line":105},"13":{"name":"(anonymous_13)","decl":{"start":{"line":107,"column":38},"end":{"line":107,"column":39}},"loc":{"start":{"line":107,"column":44},"end":{"line":109,"column":4}},"line":107},"14":{"name":"(anonymous_14)","decl":{"start":{"line":107,"column":64},"end":{"line":107,"column":65}},"loc":{"start":{"line":108,"column":4},"end":{"line":108,"column":46}},"line":108},"15":{"name":"(anonymous_15)","decl":{"start":{"line":111,"column":40},"end":{"line":111,"column":41}},"loc":{"start":{"line":111,"column":46},"end":{"line":112,"column":49}},"line":111},"16":{"name":"(anonymous_16)","decl":{"start":{"line":111,"column":66},"end":{"line":111,"column":67}},"loc":{"start":{"line":112,"column":4},"end":{"line":112,"column":47}},"line":112},"17":{"name":"(anonymous_17)","decl":{"start":{"line":114,"column":34},"end":{"line":114,"column":35}},"loc":{"start":{"line":114,"column":40},"end":{"line":116,"column":4}},"line":114},"18":{"name":"(anonymous_18)","decl":{"start":{"line":114,"column":58},"end":{"line":114,"column":59}},"loc":{"start":{"line":115,"column":4},"end":{"line":115,"column":51}},"line":115},"19":{"name":"(anonymous_19)","decl":{"start":{"line":166,"column":37},"end":{"line":166,"column":38}},"loc":{"start":{"line":167,"column":14},"end":{"line":179,"column":28}},"line":167},"20":{"name":"(anonymous_20)","decl":{"start":{"line":189,"column":39},"end":{"line":189,"column":40}},"loc":{"start":{"line":190,"column":14},"end":{"line":202,"column":28}},"line":190}},"branchMap":{"0":{"loc":{"start":{"line":53,"column":4},"end":{"line":55,"column":5}},"type":"if","locations":[{"start":{"line":53,"column":4},"end":{"line":55,"column":5}},{"start":{"line":53,"column":4},"end":{"line":55,"column":5}}],"line":53},"1":{"loc":{"start":{"line":53,"column":8},"end":{"line":53,"column":50}},"type":"binary-expr","locations":[{"start":{"line":53,"column":8},"end":{"line":53,"column":27}},{"start":{"line":53,"column":31},"end":{"line":53,"column":50}}],"line":53},"2":{"loc":{"start":{"line":142,"column":13},"end":{"line":142,"column":55}},"type":"binary-expr","locations":[{"start":{"line":142,"column":13},"end":{"line":142,"column":34}},{"start":{"line":142,"column":38},"end":{"line":142,"column":55}}],"line":142},"3":{"loc":{"start":{"line":146,"column":11},"end":{"line":158,"column":11}},"type":"binary-expr","locations":[{"start":{"line":146,"column":11},"end":{"line":146,"column":32}},{"start":{"line":147,"column":12},"end":{"line":157,"column":30}}],"line":146},"4":{"loc":{"start":{"line":162,"column":13},"end":{"line":164,"column":13}},"type":"binary-expr","locations":[{"start":{"line":162,"column":13},"end":{"line":162,"column":45}},{"start":{"line":163,"column":14},"end":{"line":163,"column":53}}],"line":162},"5":{"loc":{"start":{"line":185,"column":13},"end":{"line":187,"column":13}},"type":"binary-expr","locations":[{"start":{"line":185,"column":13},"end":{"line":185,"column":47}},{"start":{"line":186,"column":14},"end":{"line":186,"column":53}}],"line":185}},"s":{"0":0,"1":0,"2":0,"3":0,"4":0,"5":0,"6":0,"7":0,"8":0,"9":0,"10":0,"11":0,"12":0,"13":0,"14":0,"15":0,"16":0,"17":0,"18":0,"19":0,"20":0,"21":0,"22":0,"23":0,"24":0,"25":0,"26":0,"27":0,"28":0,"29":0,"30":0,"31":0,"32":0,"33":0,"34":0,"35":0,"36":0,"37":0,"38":0,"39":0,"40":0,"41":0},"f":{"0":0,"1":0,"2":0,"3":0,"4":0,"5":0,"6":0,"7":0,"8":0,"9":0,"10":0,"11":0,"12":0,"13":0,"14":0,"15":0,"16":0,"17":0,"18":0,"19":0,"20":0},"b":{"0":[0,0],"1":[0,0],"2":[0,0],"3":[0,0],"4":[0,0],"5":[0,0]}}
,"F:\\Arquivos Desenvolvimento Geral\\Repositórios GitHub\\Aprendizados-Geral\\Bootcamp\\2020\\frontend-react-projeto-barbearia\\src\\pages\\FortgotPassword\\index.tsx": {"path":"F:\\Arquivos Desenvolvimento Geral\\Repositórios GitHub\\Aprendizados-Geral\\Bootcamp\\2020\\frontend-react-projeto-barbearia\\src\\pages\\FortgotPassword\\index.tsx","statementMap":{"0":{"start":{"line":24,"column":33},"end":{"line":87,"column":1}},"1":{"start":{"line":25,"column":32},"end":{"line":25,"column":47}},"2":{"start":{"line":26,"column":18},"end":{"line":26,"column":43}},"3":{"start":{"line":28,"column":23},"end":{"line":28,"column":33}},"4":{"start":{"line":30,"column":23},"end":{"line":66,"column":16}},"5":{"start":{"line":31,"column":4},"end":{"line":65,"column":5}},"6":{"start":{"line":32,"column":6},"end":{"line":32,"column":23}},"7":{"start":{"line":33,"column":6},"end":{"line":33,"column":37}},"8":{"start":{"line":34,"column":21},"end":{"line":36,"column":8}},"9":{"start":{"line":38,"column":6},"end":{"line":40,"column":9}},"10":{"start":{"line":42,"column":6},"end":{"line":44,"column":9}},"11":{"start":{"line":46,"column":6},"end":{"line":50,"column":9}},"12":{"start":{"line":52,"column":6},"end":{"line":56,"column":7}},"13":{"start":{"line":53,"column":23},"end":{"line":53,"column":47}},"14":{"start":{"line":54,"column":8},"end":{"line":54,"column":43}},"15":{"start":{"line":55,"column":8},"end":{"line":55,"column":15}},"16":{"start":{"line":58,"column":6},"end":{"line":62,"column":9}},"17":{"start":{"line":64,"column":6},"end":{"line":64,"column":24}},"18":{"start":{"line":68,"column":2},"end":{"line":86,"column":4}}},"fnMap":{"0":{"name":"(anonymous_0)","decl":{"start":{"line":24,"column":33},"end":{"line":24,"column":34}},"loc":{"start":{"line":24,"column":39},"end":{"line":87,"column":1}},"line":24},"1":{"name":"(anonymous_1)","decl":{"start":{"line":30,"column":35},"end":{"line":30,"column":36}},"loc":{"start":{"line":30,"column":75},"end":{"line":66,"column":3}},"line":30}},"branchMap":{"0":{"loc":{"start":{"line":52,"column":6},"end":{"line":56,"column":7}},"type":"if","locations":[{"start":{"line":52,"column":6},"end":{"line":56,"column":7}},{"start":{"line":52,"column":6},"end":{"line":56,"column":7}}],"line":52}},"s":{"0":0,"1":0,"2":0,"3":0,"4":0,"5":0,"6":0,"7":0,"8":0,"9":0,"10":0,"11":0,"12":0,"13":0,"14":0,"15":0,"16":0,"17":0,"18":0},"f":{"0":0,"1":0},"b":{"0":[0,0]}}
,"F:\\Arquivos Desenvolvimento Geral\\Repositórios GitHub\\Aprendizados-Geral\\Bootcamp\\2020\\frontend-react-projeto-barbearia\\src\\pages\\Profile\\index.tsx": {"path":"F:\\Arquivos Desenvolvimento Geral\\Repositórios GitHub\\Aprendizados-Geral\\Bootcamp\\2020\\frontend-react-projeto-barbearia\\src\\pages\\Profile\\index.tsx","statementMap":{"0":{"start":{"line":32,"column":26},"end":{"line":172,"column":1}},"1":{"start":{"line":33,"column":18},"end":{"line":33,"column":43}},"2":{"start":{"line":34,"column":23},"end":{"line":34,"column":33}},"3":{"start":{"line":35,"column":18},"end":{"line":35,"column":30}},"4":{"start":{"line":36,"column":31},"end":{"line":36,"column":40}},"5":{"start":{"line":38,"column":23},"end":{"line":102,"column":37}},"6":{"start":{"line":39,"column":4},"end":{"line":101,"column":5}},"7":{"start":{"line":40,"column":6},"end":{"line":40,"column":37}},"8":{"start":{"line":41,"column":21},"end":{"line":56,"column":8}},"9":{"start":{"line":46,"column":39},"end":{"line":46,"column":51}},"10":{"start":{"line":51,"column":39},"end":{"line":51,"column":51}},"11":{"start":{"line":58,"column":6},"end":{"line":60,"column":9}},"12":{"start":{"line":64,"column":10},"end":{"line":64,"column":14}},"13":{"start":{"line":66,"column":23},"end":{"line":74,"column":7}},"14":{"start":{"line":76,"column":23},"end":{"line":76,"column":58}},"15":{"start":{"line":78,"column":6},"end":{"line":78,"column":32}},"16":{"start":{"line":80,"column":6},"end":{"line":80,"column":33}},"17":{"start":{"line":82,"column":6},"end":{"line":86,"column":9}},"18":{"start":{"line":88,"column":6},"end":{"line":88,"column":24}},"19":{"start":{"line":90,"column":6},"end":{"line":94,"column":7}},"20":{"start":{"line":91,"column":23},"end":{"line":91,"column":47}},"21":{"start":{"line":92,"column":8},"end":{"line":92,"column":43}},"22":{"start":{"line":93,"column":8},"end":{"line":93,"column":15}},"23":{"start":{"line":96,"column":6},"end":{"line":100,"column":9}},"24":{"start":{"line":104,"column":29},"end":{"line":118,"column":28}},"25":{"start":{"line":105,"column":4},"end":{"line":117,"column":5}},"26":{"start":{"line":106,"column":19},"end":{"line":106,"column":33}},"27":{"start":{"line":108,"column":6},"end":{"line":108,"column":47}},"28":{"start":{"line":110,"column":6},"end":{"line":116,"column":9}},"29":{"start":{"line":111,"column":8},"end":{"line":111,"column":34}},"30":{"start":{"line":112,"column":8},"end":{"line":115,"column":11}},"31":{"start":{"line":120,"column":2},"end":{"line":171,"column":4}}},"fnMap":{"0":{"name":"(anonymous_0)","decl":{"start":{"line":32,"column":26},"end":{"line":32,"column":27}},"loc":{"start":{"line":32,"column":32},"end":{"line":172,"column":1}},"line":32},"1":{"name":"(anonymous_1)","decl":{"start":{"line":38,"column":35},"end":{"line":38,"column":36}},"loc":{"start":{"line":38,"column":68},"end":{"line":102,"column":3}},"line":38},"2":{"name":"(anonymous_2)","decl":{"start":{"line":46,"column":14},"end":{"line":46,"column":15}},"loc":{"start":{"line":46,"column":39},"end":{"line":46,"column":51}},"line":46},"3":{"name":"(anonymous_3)","decl":{"start":{"line":51,"column":14},"end":{"line":51,"column":15}},"loc":{"start":{"line":51,"column":39},"end":{"line":51,"column":51}},"line":51},"4":{"name":"(anonymous_4)","decl":{"start":{"line":104,"column":41},"end":{"line":104,"column":42}},"loc":{"start":{"line":104,"column":79},"end":{"line":118,"column":3}},"line":104},"5":{"name":"(anonymous_5)","decl":{"start":{"line":110,"column":44},"end":{"line":110,"column":45}},"loc":{"start":{"line":110,"column":58},"end":{"line":116,"column":7}},"line":110}},"branchMap":{"0":{"loc":{"start":{"line":69,"column":12},"end":{"line":73,"column":14}},"type":"cond-expr","locations":[{"start":{"line":69,"column":27},"end":{"line":73,"column":9}},{"start":{"line":73,"column":12},"end":{"line":73,"column":14}}],"line":69},"1":{"loc":{"start":{"line":90,"column":6},"end":{"line":94,"column":7}},"type":"if","locations":[{"start":{"line":90,"column":6},"end":{"line":94,"column":7}},{"start":{"line":90,"column":6},"end":{"line":94,"column":7}}],"line":90},"2":{"loc":{"start":{"line":105,"column":4},"end":{"line":117,"column":5}},"type":"if","locations":[{"start":{"line":105,"column":4},"end":{"line":117,"column":5}},{"start":{"line":105,"column":4},"end":{"line":117,"column":5}}],"line":105}},"s":{"0":0,"1":0,"2":0,"3":0,"4":0,"5":0,"6":0,"7":0,"8":0,"9":0,"10":0,"11":0,"12":0,"13":0,"14":0,"15":0,"16":0,"17":0,"18":0,"19":0,"20":0,"21":0,"22":0,"23":0,"24":0,"25":0,"26":0,"27":0,"28":0,"29":0,"30":0,"31":0},"f":{"0":0,"1":0,"2":0,"3":0,"4":0,"5":0},"b":{"0":[0,0],"1":[0,0],"2":[0,0]}}
,"F:\\Arquivos Desenvolvimento Geral\\Repositórios GitHub\\Aprendizados-Geral\\Bootcamp\\2020\\frontend-react-projeto-barbearia\\src\\pages\\ResetPassword\\index.tsx": {"path":"F:\\Arquivos Desenvolvimento Geral\\Repositórios GitHub\\Aprendizados-Geral\\Bootcamp\\2020\\frontend-react-projeto-barbearia\\src\\pages\\ResetPassword\\index.tsx","statementMap":{"0":{"start":{"line":26,"column":32},"end":{"line":99,"column":1}},"1":{"start":{"line":27,"column":18},"end":{"line":27,"column":43}},"2":{"start":{"line":28,"column":18},"end":{"line":28,"column":30}},"3":{"start":{"line":29,"column":19},"end":{"line":29,"column":32}},"4":{"start":{"line":30,"column":23},"end":{"line":30,"column":33}},"5":{"start":{"line":32,"column":23},"end":{"line":71,"column":42}},"6":{"start":{"line":33,"column":4},"end":{"line":70,"column":5}},"7":{"start":{"line":34,"column":6},"end":{"line":34,"column":37}},"8":{"start":{"line":35,"column":21},"end":{"line":39,"column":8}},"9":{"start":{"line":41,"column":6},"end":{"line":43,"column":9}},"10":{"start":{"line":45,"column":50},"end":{"line":45,"column":54}},"11":{"start":{"line":46,"column":20},"end":{"line":46,"column":58}},"12":{"start":{"line":48,"column":6},"end":{"line":50,"column":7}},"13":{"start":{"line":49,"column":8},"end":{"line":49,"column":26}},"14":{"start":{"line":51,"column":6},"end":{"line":55,"column":9}},"15":{"start":{"line":57,"column":6},"end":{"line":57,"column":24}},"16":{"start":{"line":59,"column":6},"end":{"line":63,"column":7}},"17":{"start":{"line":60,"column":23},"end":{"line":60,"column":47}},"18":{"start":{"line":61,"column":8},"end":{"line":61,"column":43}},"19":{"start":{"line":62,"column":8},"end":{"line":62,"column":15}},"20":{"start":{"line":65,"column":6},"end":{"line":69,"column":9}},"21":{"start":{"line":73,"column":2},"end":{"line":98,"column":4}}},"fnMap":{"0":{"name":"(anonymous_0)","decl":{"start":{"line":26,"column":32},"end":{"line":26,"column":33}},"loc":{"start":{"line":26,"column":38},"end":{"line":99,"column":1}},"line":26},"1":{"name":"(anonymous_1)","decl":{"start":{"line":32,"column":35},"end":{"line":32,"column":36}},"loc":{"start":{"line":32,"column":74},"end":{"line":71,"column":3}},"line":32}},"branchMap":{"0":{"loc":{"start":{"line":48,"column":6},"end":{"line":50,"column":7}},"type":"if","locations":[{"start":{"line":48,"column":6},"end":{"line":50,"column":7}},{"start":{"line":48,"column":6},"end":{"line":50,"column":7}}],"line":48},"1":{"loc":{"start":{"line":59,"column":6},"end":{"line":63,"column":7}},"type":"if","locations":[{"start":{"line":59,"column":6},"end":{"line":63,"column":7}},{"start":{"line":59,"column":6},"end":{"line":63,"column":7}}],"line":59}},"s":{"0":0,"1":0,"2":0,"3":0,"4":0,"5":0,"6":0,"7":0,"8":0,"9":0,"10":0,"11":0,"12":0,"13":0,"14":0,"15":0,"16":0,"17":0,"18":0,"19":0,"20":0,"21":0},"f":{"0":0,"1":0},"b":{"0":[0,0],"1":[0,0]}}
,"F:\\Arquivos Desenvolvimento Geral\\Repositórios GitHub\\Aprendizados-Geral\\Bootcamp\\2020\\frontend-react-projeto-barbearia\\src\\pages\\SignIn\\index.tsx": {"path":"F:\\Arquivos Desenvolvimento Geral\\Repositórios GitHub\\Aprendizados-Geral\\Bootcamp\\2020\\frontend-react-projeto-barbearia\\src\\pages\\SignIn\\index.tsx","statementMap":{"0":{"start":{"line":26,"column":25},"end":{"line":90,"column":1}},"1":{"start":{"line":27,"column":18},"end":{"line":27,"column":43}},"2":{"start":{"line":28,"column":18},"end":{"line":28,"column":30}},"3":{"start":{"line":29,"column":21},"end":{"line":29,"column":30}},"4":{"start":{"line":30,"column":23},"end":{"line":30,"column":33}},"5":{"start":{"line":32,"column":23},"end":{"line":62,"column":33}},"6":{"start":{"line":33,"column":4},"end":{"line":61,"column":5}},"7":{"start":{"line":34,"column":6},"end":{"line":34,"column":37}},"8":{"start":{"line":35,"column":21},"end":{"line":38,"column":8}},"9":{"start":{"line":40,"column":6},"end":{"line":42,"column":9}},"10":{"start":{"line":43,"column":6},"end":{"line":46,"column":9}},"11":{"start":{"line":48,"column":6},"end":{"line":48,"column":33}},"12":{"start":{"line":50,"column":6},"end":{"line":54,"column":7}},"13":{"start":{"line":51,"column":23},"end":{"line":51,"column":47}},"14":{"start":{"line":52,"column":8},"end":{"line":52,"column":43}},"15":{"start":{"line":53,"column":8},"end":{"line":53,"column":15}},"16":{"start":{"line":56,"column":6},"end":{"line":60,"column":9}},"17":{"start":{"line":64,"column":2},"end":{"line":89,"column":4}}},"fnMap":{"0":{"name":"(anonymous_0)","decl":{"start":{"line":26,"column":25},"end":{"line":26,"column":26}},"loc":{"start":{"line":26,"column":31},"end":{"line":90,"column":1}},"line":26},"1":{"name":"(anonymous_1)","decl":{"start":{"line":32,"column":35},"end":{"line":32,"column":36}},"loc":{"start":{"line":32,"column":67},"end":{"line":62,"column":3}},"line":32}},"branchMap":{"0":{"loc":{"start":{"line":50,"column":6},"end":{"line":54,"column":7}},"type":"if","locations":[{"start":{"line":50,"column":6},"end":{"line":54,"column":7}},{"start":{"line":50,"column":6},"end":{"line":54,"column":7}}],"line":50}},"s":{"0":1,"1":3,"2":3,"3":3,"4":3,"5":3,"6":3,"7":3,"8":3,"9":3,"10":2,"11":1,"12":2,"13":1,"14":1,"15":1,"16":1,"17":3},"f":{"0":3,"1":3},"b":{"0":[1,1]},"_coverageSchema":"1a1c01bbd47fc00a2c39e90264f33305004495a9","hash":"db2ad237f87fbb0b7cf876b43ddb9a4fe7838c6b"}
,"F:\\Arquivos Desenvolvimento Geral\\Repositórios GitHub\\Aprendizados-Geral\\Bootcamp\\2020\\frontend-react-projeto-barbearia\\src\\pages\\SignUp\\index.tsx": {"path":"F:\\Arquivos Desenvolvimento Geral\\Repositórios GitHub\\Aprendizados-Geral\\Bootcamp\\2020\\frontend-react-projeto-barbearia\\src\\pages\\SignUp\\index.tsx","statementMap":{"0":{"start":{"line":31,"column":25},"end":{"line":96,"column":1}},"1":{"start":{"line":32,"column":18},"end":{"line":32,"column":43}},"2":{"start":{"line":33,"column":23},"end":{"line":33,"column":33}},"3":{"start":{"line":34,"column":18},"end":{"line":34,"column":30}},"4":{"start":{"line":36,"column":23},"end":{"line":71,"column":25}},"5":{"start":{"line":37,"column":4},"end":{"line":70,"column":5}},"6":{"start":{"line":38,"column":6},"end":{"line":38,"column":37}},"7":{"start":{"line":39,"column":21},"end":{"line":43,"column":8}},"8":{"start":{"line":45,"column":6},"end":{"line":47,"column":9}},"9":{"start":{"line":49,"column":6},"end":{"line":49,"column":37}},"10":{"start":{"line":51,"column":6},"end":{"line":55,"column":9}},"11":{"start":{"line":57,"column":6},"end":{"line":57,"column":24}},"12":{"start":{"line":59,"column":6},"end":{"line":63,"column":7}},"13":{"start":{"line":60,"column":23},"end":{"line":60,"column":47}},"14":{"start":{"line":61,"column":8},"end":{"line":61,"column":43}},"15":{"start":{"line":62,"column":8},"end":{"line":62,"column":15}},"16":{"start":{"line":65,"column":6},"end":{"line":69,"column":9}},"17":{"start":{"line":72,"column":2},"end":{"line":95,"column":4}}},"fnMap":{"0":{"name":"(anonymous_0)","decl":{"start":{"line":31,"column":25},"end":{"line":31,"column":26}},"loc":{"start":{"line":31,"column":31},"end":{"line":96,"column":1}},"line":31},"1":{"name":"(anonymous_1)","decl":{"start":{"line":36,"column":35},"end":{"line":36,"column":36}},"loc":{"start":{"line":36,"column":67},"end":{"line":71,"column":3}},"line":36}},"branchMap":{"0":{"loc":{"start":{"line":59,"column":6},"end":{"line":63,"column":7}},"type":"if","locations":[{"start":{"line":59,"column":6},"end":{"line":63,"column":7}},{"start":{"line":59,"column":6},"end":{"line":63,"column":7}}],"line":59}},"s":{"0":0,"1":0,"2":0,"3":0,"4":0,"5":0,"6":0,"7":0,"8":0,"9":0,"10":0,"11":0,"12":0,"13":0,"14":0,"15":0,"16":0,"17":0},"f":{"0":0,"1":0},"b":{"0":[0,0]}}
}
